<?xml version="1.0" encoding="UTF-8"?>
<!-- Generated by org.testng.reporters.JUnitReportReporter -->
<testsuite skipped="0" hostname="DESKTOP-S2ELRE8" name="com.inetbanking.testCases.TC_SeleniumLogin_004" tests="1" failures="0" timestamp="30 Dec 2018 11:29:12 GMT" time="16.847" errors="0">
  <testcase name="seleniumtologin" time="16.847" classname="com.inetbanking.testCases.TC_SeleniumLogin_004"/>
</testsuite> <!-- com.inetbanking.testCases.TC_SeleniumLogin_004 -->
